2018-09-28 10:47:27.907 DEBUG 12260 --- [main] o.s.w.c.s.StandardServletEnvironment     : Adding PropertySource 'configurationProperties' with highest search precedence
2018-09-28 10:47:28.019 DEBUG 12260 --- [main] o.s.w.c.s.StandardServletEnvironment     : Adding PropertySource 'servletConfigInitParams' with lowest search precedence
2018-09-28 10:47:28.020 DEBUG 12260 --- [main] o.s.w.c.s.StandardServletEnvironment     : Adding PropertySource 'servletContextInitParams' with lowest search precedence
2018-09-28 10:47:28.021 DEBUG 12260 --- [main] o.s.w.c.s.StandardServletEnvironment     : Adding PropertySource 'systemProperties' with lowest search precedence
2018-09-28 10:47:28.021 DEBUG 12260 --- [main] o.s.w.c.s.StandardServletEnvironment     : Adding PropertySource 'systemEnvironment' with lowest search precedence
2018-09-28 10:47:28.022 DEBUG 12260 --- [main] o.s.w.c.s.StandardServletEnvironment     : Initialized StandardServletEnvironment with PropertySources [StubPropertySource {name='servletConfigInitParams'}, StubPropertySource {name='servletContextInitParams'}, MapPropertySource {name='systemProperties'}, SystemEnvironmentPropertySource {name='systemEnvironment'}]
2018-09-28 10:47:28.085  INFO 12260 --- [main] com.example.demo.DemoApplication         : Starting DemoApplication on DESKTOP-L54T03O with PID 12260 (C:\dev\poc-elk\target\classes started by Rafael Vicio in C:\dev\poc-elk)
2018-09-28 10:47:28.085  INFO 12260 --- [main] com.example.demo.DemoApplication         : No active profile set, falling back to default profiles: default
2018-09-28 10:47:28.164  INFO 12260 --- [main] ConfigServletWebServerApplicationContext : Refreshing org.springframework.boot.web.servlet.context.AnnotationConfigServletWebServerApplicationContext@141f60d9: startup date [Fri Sep 28 10:47:28 BRT 2018]; root of context hierarchy
2018-09-28 10:47:31.424 DEBUG 12260 --- [main] o.s.w.c.s.StandardServletEnvironment     : Removing PropertySource 'defaultProperties'
2018-09-28 10:47:31.451  INFO 12260 --- [main] f.a.AutowiredAnnotationBeanPostProcessor : JSR-330 'javax.inject.Inject' annotation found and supported for autowiring
2018-09-28 10:47:32.873  INFO 12260 --- [main] o.s.b.w.embedded.tomcat.TomcatWebServer  : Tomcat initialized with port(s): 8443 (http)
2018-09-28 10:47:32.998  INFO 12260 --- [main] o.apache.catalina.core.StandardService   : Starting service [Tomcat]
2018-09-28 10:47:32.999  INFO 12260 --- [main] org.apache.catalina.core.StandardEngine  : Starting Servlet Engine: Apache Tomcat/8.5.34
2018-09-28 10:47:33.022  INFO 12260 --- [localhost-startStop-1] o.a.catalina.core.AprLifecycleListener   : The APR based Apache Tomcat Native library which allows optimal performance in production environments was not found on the java.library.path: [C:\infra\jdk1.8.0_161\bin;C:\WINDOWS\Sun\Java\bin;C:\WINDOWS\system32;C:\WINDOWS;C:\Program Files\Docker\Docker\Resources\bin;C:\Program Files (x86)\Razer Chroma SDK\bin;C:\Program Files\Razer Chroma SDK\bin;C:\ProgramData\Oracle\Java\javapath;C:\WINDOWS\system32;C:\WINDOWS;C:\WINDOWS\System32\Wbem;C:\WINDOWS\System32\WindowsPowerShell\v1.0\;C:\Program Files\Git\cmd;C:\Program Files\nodejs\;C:\infra\apache-maven-3.5.3\bin;C:\Go\bin;C:\Program Files\erl9.2\bin;C:\Users\Rafael Vicio\.mix\escripts;C:\Users\Rafael Vicio\AppData\Local\Microsoft\WindowsApps;C:\Users\Rafael Vicio\AppData\Roaming\npm;C:\Program Files\Microsoft VS Code\bin;C:\Users\Rafael Vicio\AppData\Local\hyper\app-2.0.0\resources\bin;C:\Program Files\heroku\bin;C:\WINDOWS\system32;C:\WINDOWS;C:\WINDOWS\System32\Wbem;C:\WINDOWS\System32\WindowsPowerShell\v1.0\;C:\WINDOWS\System32\OpenSSH\;C:\Program Files (x86)\Yarn\bin\;C:\infra\jdk1.8.0_161\bin;C:\zookeeper-3.4.13\bin;C:\Users\Rafael Vicio\AppData\Local\Microsoft\WindowsApps;C:\Users\Rafael Vicio\AppData\Roaming\npm;C:\Program Files\Microsoft VS Code\bin;C:\Users\Rafael Vicio\AppData\Local\hyper\app-2.0.0\resources\bin;C:\Program Files\heroku\bin;C:\Users\Rafael Vicio\AppData\Local\Yarn\bin;C:\Users\Rafael Vicio\AppData\Local\Programs\Microsoft VS Code\bin;.]
2018-09-28 10:47:33.203  INFO 12260 --- [localhost-startStop-1] o.a.c.c.C.[Tomcat].[localhost].[/]       : Initializing Spring embedded WebApplicationContext
2018-09-28 10:47:33.204 DEBUG 12260 --- [localhost-startStop-1] o.s.web.context.ContextLoader            : Published root WebApplicationContext as ServletContext attribute with name [org.springframework.web.context.WebApplicationContext.ROOT]
2018-09-28 10:47:33.205  INFO 12260 --- [localhost-startStop-1] o.s.web.context.ContextLoader            : Root WebApplicationContext: initialization completed in 5041 ms
2018-09-28 10:47:33.354  INFO 12260 --- [localhost-startStop-1] o.s.b.w.servlet.ServletRegistrationBean  : Servlet dispatcherServlet mapped to [/]
2018-09-28 10:47:33.360  INFO 12260 --- [localhost-startStop-1] o.s.b.w.servlet.FilterRegistrationBean   : Mapping filter: 'characterEncodingFilter' to: [/*]
2018-09-28 10:47:33.364  INFO 12260 --- [localhost-startStop-1] o.s.b.w.servlet.FilterRegistrationBean   : Mapping filter: 'hiddenHttpMethodFilter' to: [/*]
2018-09-28 10:47:33.364  INFO 12260 --- [localhost-startStop-1] o.s.b.w.servlet.FilterRegistrationBean   : Mapping filter: 'httpPutFormContentFilter' to: [/*]
2018-09-28 10:47:33.365  INFO 12260 --- [localhost-startStop-1] o.s.b.w.servlet.FilterRegistrationBean   : Mapping filter: 'requestContextFilter' to: [/*]
2018-09-28 10:47:33.456 DEBUG 12260 --- [main] o.s.w.c.s.StandardServletEnvironment     : Replacing PropertySource 'servletContextInitParams' with 'servletContextInitParams'
2018-09-28 10:47:33.658  INFO 12260 --- [main] o.s.w.s.handler.SimpleUrlHandlerMapping  : Mapped URL path [/**/favicon.ico] onto handler of type [class org.springframework.web.servlet.resource.ResourceHttpRequestHandler]
2018-09-28 10:47:33.773  INFO 12260 --- [main] s.w.s.m.m.a.RequestMappingHandlerAdapter : Looking for @ControllerAdvice: org.springframework.boot.web.servlet.context.AnnotationConfigServletWebServerApplicationContext@141f60d9: startup date [Fri Sep 28 10:47:28 BRT 2018]; root of context hierarchy
2018-09-28 10:47:33.857 DEBUG 12260 --- [main] s.w.s.m.m.a.RequestMappingHandlerMapping : Looking for request mappings in application context: org.springframework.boot.web.servlet.context.AnnotationConfigServletWebServerApplicationContext@141f60d9: startup date [Fri Sep 28 10:47:28 BRT 2018]; root of context hierarchy
2018-09-28 10:47:33.869 DEBUG 12260 --- [main] s.w.s.m.m.a.RequestMappingHandlerMapping : 2 request handler methods found on class com.example.demo.controller.UsuarioController: {public java.lang.String com.example.demo.controller.UsuarioController.CriaInicioChamada()={[/inicio]}, public java.lang.String com.example.demo.controller.UsuarioController.CriaFimChamada()={[/fim]}}
2018-09-28 10:47:33.872  INFO 12260 --- [main] s.w.s.m.m.a.RequestMappingHandlerMapping : Mapped "{[/inicio]}" onto public java.lang.String com.example.demo.controller.UsuarioController.CriaInicioChamada()
2018-09-28 10:47:33.875  INFO 12260 --- [main] s.w.s.m.m.a.RequestMappingHandlerMapping : Mapped "{[/fim]}" onto public java.lang.String com.example.demo.controller.UsuarioController.CriaFimChamada()
2018-09-28 10:47:33.879 DEBUG 12260 --- [main] s.w.s.m.m.a.RequestMappingHandlerMapping : 2 request handler methods found on class org.springframework.boot.autoconfigure.web.servlet.error.BasicErrorController: {public org.springframework.http.ResponseEntity org.springframework.boot.autoconfigure.web.servlet.error.BasicErrorController.error(javax.servlet.http.HttpServletRequest)={[/error]}, public org.springframework.web.servlet.ModelAndView org.springframework.boot.autoconfigure.web.servlet.error.BasicErrorController.errorHtml(javax.servlet.http.HttpServletRequest,javax.servlet.http.HttpServletResponse)={[/error],produces=[text/html]}}
2018-09-28 10:47:33.881  INFO 12260 --- [main] s.w.s.m.m.a.RequestMappingHandlerMapping : Mapped "{[/error]}" onto public org.springframework.http.ResponseEntity<java.util.Map<java.lang.String, java.lang.Object>> org.springframework.boot.autoconfigure.web.servlet.error.BasicErrorController.error(javax.servlet.http.HttpServletRequest)
2018-09-28 10:47:33.883  INFO 12260 --- [main] s.w.s.m.m.a.RequestMappingHandlerMapping : Mapped "{[/error],produces=[text/html]}" onto public org.springframework.web.servlet.ModelAndView org.springframework.boot.autoconfigure.web.servlet.error.BasicErrorController.errorHtml(javax.servlet.http.HttpServletRequest,javax.servlet.http.HttpServletResponse)
2018-09-28 10:47:33.904 DEBUG 12260 --- [main] o.s.w.s.h.BeanNameUrlHandlerMapping      : Looking for URL mappings in application context: org.springframework.boot.web.servlet.context.AnnotationConfigServletWebServerApplicationContext@141f60d9: startup date [Fri Sep 28 10:47:28 BRT 2018]; root of context hierarchy
2018-09-28 10:47:33.907 DEBUG 12260 --- [main] o.s.w.s.h.BeanNameUrlHandlerMapping      : Rejected bean name 'org.springframework.context.annotation.internalConfigurationAnnotationProcessor': no URL paths identified
2018-09-28 10:47:33.908 DEBUG 12260 --- [main] o.s.w.s.h.BeanNameUrlHandlerMapping      : Rejected bean name 'org.springframework.context.annotation.internalAutowiredAnnotationProcessor': no URL paths identified
2018-09-28 10:47:33.908 DEBUG 12260 --- [main] o.s.w.s.h.BeanNameUrlHandlerMapping      : Rejected bean name 'org.springframework.context.annotation.internalRequiredAnnotationProcessor': no URL paths identified
2018-09-28 10:47:33.911 DEBUG 12260 --- [main] o.s.w.s.h.BeanNameUrlHandlerMapping      : Rejected bean name 'org.springframework.context.annotation.internalCommonAnnotationProcessor': no URL paths identified
2018-09-28 10:47:33.911 DEBUG 12260 --- [main] o.s.w.s.h.BeanNameUrlHandlerMapping      : Rejected bean name 'org.springframework.context.event.internalEventListenerProcessor': no URL paths identified
2018-09-28 10:47:33.911 DEBUG 12260 --- [main] o.s.w.s.h.BeanNameUrlHandlerMapping      : Rejected bean name 'org.springframework.context.event.internalEventListenerFactory': no URL paths identified
2018-09-28 10:47:33.912 DEBUG 12260 --- [main] o.s.w.s.h.BeanNameUrlHandlerMapping      : Rejected bean name 'demoApplication': no URL paths identified
2018-09-28 10:47:33.913 DEBUG 12260 --- [main] o.s.w.s.h.BeanNameUrlHandlerMapping      : Rejected bean name 'org.springframework.boot.autoconfigure.internalCachingMetadataReaderFactory': no URL paths identified
2018-09-28 10:47:33.913 DEBUG 12260 --- [main] o.s.w.s.h.BeanNameUrlHandlerMapping      : Rejected bean name 'usuarioController': no URL paths identified
2018-09-28 10:47:33.913 DEBUG 12260 --- [main] o.s.w.s.h.BeanNameUrlHandlerMapping      : Rejected bean name 'org.springframework.boot.autoconfigure.AutoConfigurationPackages': no URL paths identified
2018-09-28 10:47:33.914 DEBUG 12260 --- [main] o.s.w.s.h.BeanNameUrlHandlerMapping      : Rejected bean name 'org.springframework.boot.autoconfigure.context.PropertyPlaceholderAutoConfiguration': no URL paths identified
2018-09-28 10:47:33.915 DEBUG 12260 --- [main] o.s.w.s.h.BeanNameUrlHandlerMapping      : Rejected bean name 'org.springframework.boot.autoconfigure.condition.BeanTypeRegistry': no URL paths identified
2018-09-28 10:47:33.915 DEBUG 12260 --- [main] o.s.w.s.h.BeanNameUrlHandlerMapping      : Rejected bean name 'propertySourcesPlaceholderConfigurer': no URL paths identified
2018-09-28 10:47:33.915 DEBUG 12260 --- [main] o.s.w.s.h.BeanNameUrlHandlerMapping      : Rejected bean name 'org.springframework.boot.autoconfigure.jackson.JacksonAutoConfiguration$Jackson2ObjectMapperBuilderCustomizerConfiguration': no URL paths identified
2018-09-28 10:47:33.917 DEBUG 12260 --- [main] o.s.w.s.h.BeanNameUrlHandlerMapping      : Rejected bean name 'standardJacksonObjectMapperBuilderCustomizer': no URL paths identified
2018-09-28 10:47:33.917 DEBUG 12260 --- [main] o.s.w.s.h.BeanNameUrlHandlerMapping      : Rejected bean name 'spring.jackson-org.springframework.boot.autoconfigure.jackson.JacksonProperties': no URL paths identified
2018-09-28 10:47:33.918 DEBUG 12260 --- [main] o.s.w.s.h.BeanNameUrlHandlerMapping      : Rejected bean name 'org.springframework.boot.context.properties.ConfigurationPropertiesBindingPostProcessor': no URL paths identified
2018-09-28 10:47:33.918 DEBUG 12260 --- [main] o.s.w.s.h.BeanNameUrlHandlerMapping      : Rejected bean name 'org.springframework.boot.context.properties.ConfigurationBeanFactoryMetadata': no URL paths identified
2018-09-28 10:47:33.918 DEBUG 12260 --- [main] o.s.w.s.h.BeanNameUrlHandlerMapping      : Rejected bean name 'org.springframework.boot.autoconfigure.jackson.JacksonAutoConfiguration$JacksonObjectMapperBuilderConfiguration': no URL paths identified
2018-09-28 10:47:33.919 DEBUG 12260 --- [main] o.s.w.s.h.BeanNameUrlHandlerMapping      : Rejected bean name 'jacksonObjectMapperBuilder': no URL paths identified
2018-09-28 10:47:33.919 DEBUG 12260 --- [main] o.s.w.s.h.BeanNameUrlHandlerMapping      : Rejected bean name 'org.springframework.boot.autoconfigure.jackson.JacksonAutoConfiguration$ParameterNamesModuleConfiguration': no URL paths identified
2018-09-28 10:47:33.920 DEBUG 12260 --- [main] o.s.w.s.h.BeanNameUrlHandlerMapping      : Rejected bean name 'parameterNamesModule': no URL paths identified
2018-09-28 10:47:33.920 DEBUG 12260 --- [main] o.s.w.s.h.BeanNameUrlHandlerMapping      : Rejected bean name 'org.springframework.boot.autoconfigure.jackson.JacksonAutoConfiguration$JacksonObjectMapperConfiguration': no URL paths identified
2018-09-28 10:47:33.920 DEBUG 12260 --- [main] o.s.w.s.h.BeanNameUrlHandlerMapping      : Rejected bean name 'jacksonObjectMapper': no URL paths identified
2018-09-28 10:47:33.921 DEBUG 12260 --- [main] o.s.w.s.h.BeanNameUrlHandlerMapping      : Rejected bean name 'org.springframework.boot.autoconfigure.jackson.JacksonAutoConfiguration': no URL paths identified
2018-09-28 10:47:33.922 DEBUG 12260 --- [main] o.s.w.s.h.BeanNameUrlHandlerMapping      : Rejected bean name 'jsonComponentModule': no URL paths identified
2018-09-28 10:47:33.923 DEBUG 12260 --- [main] o.s.w.s.h.BeanNameUrlHandlerMapping      : Rejected bean name 'org.springframework.boot.autoconfigure.websocket.servlet.WebSocketServletAutoConfiguration$TomcatWebSocketConfiguration': no URL paths identified
2018-09-28 10:47:33.924 DEBUG 12260 --- [main] o.s.w.s.h.BeanNameUrlHandlerMapping      : Rejected bean name 'websocketContainerCustomizer': no URL paths identified
2018-09-28 10:47:33.924 DEBUG 12260 --- [main] o.s.w.s.h.BeanNameUrlHandlerMapping      : Rejected bean name 'org.springframework.boot.autoconfigure.websocket.servlet.WebSocketServletAutoConfiguration': no URL paths identified
2018-09-28 10:47:33.925 DEBUG 12260 --- [main] o.s.w.s.h.BeanNameUrlHandlerMapping      : Rejected bean name 'org.springframework.boot.autoconfigure.web.servlet.ServletWebServerFactoryConfiguration$EmbeddedTomcat': no URL paths identified
2018-09-28 10:47:33.926 DEBUG 12260 --- [main] o.s.w.s.h.BeanNameUrlHandlerMapping      : Rejected bean name 'tomcatServletWebServerFactory': no URL paths identified
2018-09-28 10:47:33.927 DEBUG 12260 --- [main] o.s.w.s.h.BeanNameUrlHandlerMapping      : Rejected bean name 'org.springframework.boot.autoconfigure.web.servlet.ServletWebServerFactoryAutoConfiguration': no URL paths identified
2018-09-28 10:47:33.927 DEBUG 12260 --- [main] o.s.w.s.h.BeanNameUrlHandlerMapping      : Rejected bean name 'servletWebServerFactoryCustomizer': no URL paths identified
2018-09-28 10:47:33.927 DEBUG 12260 --- [main] o.s.w.s.h.BeanNameUrlHandlerMapping      : Rejected bean name 'tomcatServletWebServerFactoryCustomizer': no URL paths identified
2018-09-28 10:47:33.928 DEBUG 12260 --- [main] o.s.w.s.h.BeanNameUrlHandlerMapping      : Rejected bean name 'server-org.springframework.boot.autoconfigure.web.ServerProperties': no URL paths identified
2018-09-28 10:47:33.928 DEBUG 12260 --- [main] o.s.w.s.h.BeanNameUrlHandlerMapping      : Rejected bean name 'webServerFactoryCustomizerBeanPostProcessor': no URL paths identified
2018-09-28 10:47:33.928 DEBUG 12260 --- [main] o.s.w.s.h.BeanNameUrlHandlerMapping      : Rejected bean name 'errorPageRegistrarBeanPostProcessor': no URL paths identified
2018-09-28 10:47:33.929 DEBUG 12260 --- [main] o.s.w.s.h.BeanNameUrlHandlerMapping      : Rejected bean name 'org.springframework.boot.autoconfigure.web.servlet.DispatcherServletAutoConfiguration$DispatcherServletConfiguration': no URL paths identified
2018-09-28 10:47:33.929 DEBUG 12260 --- [main] o.s.w.s.h.BeanNameUrlHandlerMapping      : Rejected bean name 'dispatcherServlet': no URL paths identified
2018-09-28 10:47:33.930 DEBUG 12260 --- [main] o.s.w.s.h.BeanNameUrlHandlerMapping      : Rejected bean name 'spring.mvc-org.springframework.boot.autoconfigure.web.servlet.WebMvcProperties': no URL paths identified
2018-09-28 10:47:33.930 DEBUG 12260 --- [main] o.s.w.s.h.BeanNameUrlHandlerMapping      : Rejected bean name 'org.springframework.boot.autoconfigure.web.servlet.DispatcherServletAutoConfiguration$DispatcherServletRegistrationConfiguration': no URL paths identified
2018-09-28 10:47:33.931 DEBUG 12260 --- [main] o.s.w.s.h.BeanNameUrlHandlerMapping      : Rejected bean name 'dispatcherServletRegistration': no URL paths identified
2018-09-28 10:47:33.931 DEBUG 12260 --- [main] o.s.w.s.h.BeanNameUrlHandlerMapping      : Rejected bean name 'org.springframework.boot.autoconfigure.web.servlet.DispatcherServletAutoConfiguration': no URL paths identified
2018-09-28 10:47:33.931 DEBUG 12260 --- [main] o.s.w.s.h.BeanNameUrlHandlerMapping      : Rejected bean name 'org.springframework.boot.autoconfigure.validation.ValidationAutoConfiguration': no URL paths identified
2018-09-28 10:47:33.931 DEBUG 12260 --- [main] o.s.w.s.h.BeanNameUrlHandlerMapping      : Rejected bean name 'defaultValidator': no URL paths identified
2018-09-28 10:47:33.932 DEBUG 12260 --- [main] o.s.w.s.h.BeanNameUrlHandlerMapping      : Rejected bean name 'methodValidationPostProcessor': no URL paths identified
2018-09-28 10:47:33.933 DEBUG 12260 --- [main] o.s.w.s.h.BeanNameUrlHandlerMapping      : Rejected bean name 'org.springframework.boot.autoconfigure.web.servlet.error.ErrorMvcAutoConfiguration$WhitelabelErrorViewConfiguration': no URL paths identified
2018-09-28 10:47:33.933 DEBUG 12260 --- [main] o.s.w.s.h.BeanNameUrlHandlerMapping      : Rejected bean name 'error': no URL paths identified
2018-09-28 10:47:33.933 DEBUG 12260 --- [main] o.s.w.s.h.BeanNameUrlHandlerMapping      : Rejected bean name 'beanNameViewResolver': no URL paths identified
2018-09-28 10:47:33.934 DEBUG 12260 --- [main] o.s.w.s.h.BeanNameUrlHandlerMapping      : Rejected bean name 'org.springframework.boot.autoconfigure.web.servlet.error.ErrorMvcAutoConfiguration$DefaultErrorViewResolverConfiguration': no URL paths identified
2018-09-28 10:47:33.934 DEBUG 12260 --- [main] o.s.w.s.h.BeanNameUrlHandlerMapping      : Rejected bean name 'conventionErrorViewResolver': no URL paths identified
2018-09-28 10:47:33.935 DEBUG 12260 --- [main] o.s.w.s.h.BeanNameUrlHandlerMapping      : Rejected bean name 'org.springframework.boot.autoconfigure.web.servlet.error.ErrorMvcAutoConfiguration': no URL paths identified
2018-09-28 10:47:33.935 DEBUG 12260 --- [main] o.s.w.s.h.BeanNameUrlHandlerMapping      : Rejected bean name 'errorAttributes': no URL paths identified
2018-09-28 10:47:33.936 DEBUG 12260 --- [main] o.s.w.s.h.BeanNameUrlHandlerMapping      : Rejected bean name 'basicErrorController': no URL paths identified
2018-09-28 10:47:33.957 DEBUG 12260 --- [main] o.s.w.s.h.BeanNameUrlHandlerMapping      : Rejected bean name 'errorPageCustomizer': no URL paths identified
2018-09-28 10:47:33.960 DEBUG 12260 --- [main] o.s.w.s.h.BeanNameUrlHandlerMapping      : Rejected bean name 'preserveErrorControllerTargetClassPostProcessor': no URL paths identified
2018-09-28 10:47:33.961 DEBUG 12260 --- [main] o.s.w.s.h.BeanNameUrlHandlerMapping      : Rejected bean name 'spring.resources-org.springframework.boot.autoconfigure.web.ResourceProperties': no URL paths identified
2018-09-28 10:47:33.961 DEBUG 12260 --- [main] o.s.w.s.h.BeanNameUrlHandlerMapping      : Rejected bean name 'org.springframework.boot.autoconfigure.web.servlet.WebMvcAutoConfiguration$WebMvcAutoConfigurationAdapter$FaviconConfiguration': no URL paths identified
2018-09-28 10:47:33.961 DEBUG 12260 --- [main] o.s.w.s.h.BeanNameUrlHandlerMapping      : Rejected bean name 'faviconHandlerMapping': no URL paths identified
2018-09-28 10:47:33.962 DEBUG 12260 --- [main] o.s.w.s.h.BeanNameUrlHandlerMapping      : Rejected bean name 'faviconRequestHandler': no URL paths identified
2018-09-28 10:47:33.962 DEBUG 12260 --- [main] o.s.w.s.h.BeanNameUrlHandlerMapping      : Rejected bean name 'org.springframework.boot.autoconfigure.web.servlet.WebMvcAutoConfiguration$EnableWebMvcConfiguration': no URL paths identified
2018-09-28 10:47:33.962 DEBUG 12260 --- [main] o.s.w.s.h.BeanNameUrlHandlerMapping      : Rejected bean name 'requestMappingHandlerAdapter': no URL paths identified
2018-09-28 10:47:33.963 DEBUG 12260 --- [main] o.s.w.s.h.BeanNameUrlHandlerMapping      : Rejected bean name 'requestMappingHandlerMapping': no URL paths identified
2018-09-28 10:47:33.963 DEBUG 12260 --- [main] o.s.w.s.h.BeanNameUrlHandlerMapping      : Rejected bean name 'mvcConversionService': no URL paths identified
2018-09-28 10:47:33.963 DEBUG 12260 --- [main] o.s.w.s.h.BeanNameUrlHandlerMapping      : Rejected bean name 'mvcValidator': no URL paths identified
2018-09-28 10:47:33.963 DEBUG 12260 --- [main] o.s.w.s.h.BeanNameUrlHandlerMapping      : Rejected bean name 'mvcContentNegotiationManager': no URL paths identified
2018-09-28 10:47:33.964 DEBUG 12260 --- [main] o.s.w.s.h.BeanNameUrlHandlerMapping      : Rejected bean name 'mvcPathMatcher': no URL paths identified
2018-09-28 10:47:33.965 DEBUG 12260 --- [main] o.s.w.s.h.BeanNameUrlHandlerMapping      : Rejected bean name 'mvcUrlPathHelper': no URL paths identified
2018-09-28 10:47:33.965 DEBUG 12260 --- [main] o.s.w.s.h.BeanNameUrlHandlerMapping      : Rejected bean name 'viewControllerHandlerMapping': no URL paths identified
2018-09-28 10:47:33.966 DEBUG 12260 --- [main] o.s.w.s.h.BeanNameUrlHandlerMapping      : Rejected bean name 'beanNameHandlerMapping': no URL paths identified
2018-09-28 10:47:33.966 DEBUG 12260 --- [main] o.s.w.s.h.BeanNameUrlHandlerMapping      : Rejected bean name 'resourceHandlerMapping': no URL paths identified
2018-09-28 10:47:33.966 DEBUG 12260 --- [main] o.s.w.s.h.BeanNameUrlHandlerMapping      : Rejected bean name 'mvcResourceUrlProvider': no URL paths identified
2018-09-28 10:47:33.966 DEBUG 12260 --- [main] o.s.w.s.h.BeanNameUrlHandlerMapping      : Rejected bean name 'defaultServletHandlerMapping': no URL paths identified
2018-09-28 10:47:33.967 DEBUG 12260 --- [main] o.s.w.s.h.BeanNameUrlHandlerMapping      : Rejected bean name 'mvcUriComponentsContributor': no URL paths identified
2018-09-28 10:47:33.967 DEBUG 12260 --- [main] o.s.w.s.h.BeanNameUrlHandlerMapping      : Rejected bean name 'httpRequestHandlerAdapter': no URL paths identified
2018-09-28 10:47:33.967 DEBUG 12260 --- [main] o.s.w.s.h.BeanNameUrlHandlerMapping      : Rejected bean name 'simpleControllerHandlerAdapter': no URL paths identified
2018-09-28 10:47:33.968 DEBUG 12260 --- [main] o.s.w.s.h.BeanNameUrlHandlerMapping      : Rejected bean name 'handlerExceptionResolver': no URL paths identified
2018-09-28 10:47:33.968 DEBUG 12260 --- [main] o.s.w.s.h.BeanNameUrlHandlerMapping      : Rejected bean name 'mvcViewResolver': no URL paths identified
2018-09-28 10:47:33.968 DEBUG 12260 --- [main] o.s.w.s.h.BeanNameUrlHandlerMapping      : Rejected bean name 'mvcHandlerMappingIntrospector': no URL paths identified
2018-09-28 10:47:33.968 DEBUG 12260 --- [main] o.s.w.s.h.BeanNameUrlHandlerMapping      : Rejected bean name 'org.springframework.boot.autoconfigure.web.servlet.WebMvcAutoConfiguration$WebMvcAutoConfigurationAdapter': no URL paths identified
2018-09-28 10:47:33.969 DEBUG 12260 --- [main] o.s.w.s.h.BeanNameUrlHandlerMapping      : Rejected bean name 'defaultViewResolver': no URL paths identified
2018-09-28 10:47:33.969 DEBUG 12260 --- [main] o.s.w.s.h.BeanNameUrlHandlerMapping      : Rejected bean name 'viewResolver': no URL paths identified
2018-09-28 10:47:33.969 DEBUG 12260 --- [main] o.s.w.s.h.BeanNameUrlHandlerMapping      : Rejected bean name 'welcomePageHandlerMapping': no URL paths identified
2018-09-28 10:47:33.970 DEBUG 12260 --- [main] o.s.w.s.h.BeanNameUrlHandlerMapping      : Rejected bean name 'requestContextFilter': no URL paths identified
2018-09-28 10:47:33.970 DEBUG 12260 --- [main] o.s.w.s.h.BeanNameUrlHandlerMapping      : Rejected bean name 'org.springframework.boot.autoconfigure.web.servlet.WebMvcAutoConfiguration': no URL paths identified
2018-09-28 10:47:33.970 DEBUG 12260 --- [main] o.s.w.s.h.BeanNameUrlHandlerMapping      : Rejected bean name 'hiddenHttpMethodFilter': no URL paths identified
2018-09-28 10:47:33.970 DEBUG 12260 --- [main] o.s.w.s.h.BeanNameUrlHandlerMapping      : Rejected bean name 'httpPutFormContentFilter': no URL paths identified
2018-09-28 10:47:33.971 DEBUG 12260 --- [main] o.s.w.s.h.BeanNameUrlHandlerMapping      : Rejected bean name 'org.springframework.boot.autoconfigure.jmx.JmxAutoConfiguration': no URL paths identified
2018-09-28 10:47:33.974 DEBUG 12260 --- [main] o.s.w.s.h.BeanNameUrlHandlerMapping      : Rejected bean name 'mbeanExporter': no URL paths identified
2018-09-28 10:47:33.975 DEBUG 12260 --- [main] o.s.w.s.h.BeanNameUrlHandlerMapping      : Rejected bean name 'objectNamingStrategy': no URL paths identified
2018-09-28 10:47:33.975 DEBUG 12260 --- [main] o.s.w.s.h.BeanNameUrlHandlerMapping      : Rejected bean name 'mbeanServer': no URL paths identified
2018-09-28 10:47:33.976 DEBUG 12260 --- [main] o.s.w.s.h.BeanNameUrlHandlerMapping      : Rejected bean name 'org.springframework.boot.autoconfigure.context.ConfigurationPropertiesAutoConfiguration': no URL paths identified
2018-09-28 10:47:33.976 DEBUG 12260 --- [main] o.s.w.s.h.BeanNameUrlHandlerMapping      : Rejected bean name 'org.springframework.boot.autoconfigure.http.HttpMessageConvertersAutoConfiguration$StringHttpMessageConverterConfiguration': no URL paths identified
2018-09-28 10:47:33.977 DEBUG 12260 --- [main] o.s.w.s.h.BeanNameUrlHandlerMapping      : Rejected bean name 'stringHttpMessageConverter': no URL paths identified
2018-09-28 10:47:33.978 DEBUG 12260 --- [main] o.s.w.s.h.BeanNameUrlHandlerMapping      : Rejected bean name 'spring.http.encoding-org.springframework.boot.autoconfigure.http.HttpEncodingProperties': no URL paths identified
2018-09-28 10:47:33.978 DEBUG 12260 --- [main] o.s.w.s.h.BeanNameUrlHandlerMapping      : Rejected bean name 'org.springframework.boot.autoconfigure.http.JacksonHttpMessageConvertersConfiguration$MappingJackson2HttpMessageConverterConfiguration': no URL paths identified
2018-09-28 10:47:33.978 DEBUG 12260 --- [main] o.s.w.s.h.BeanNameUrlHandlerMapping      : Rejected bean name 'mappingJackson2HttpMessageConverter': no URL paths identified
2018-09-28 10:47:33.979 DEBUG 12260 --- [main] o.s.w.s.h.BeanNameUrlHandlerMapping      : Rejected bean name 'org.springframework.boot.autoconfigure.http.JacksonHttpMessageConvertersConfiguration': no URL paths identified
2018-09-28 10:47:33.979 DEBUG 12260 --- [main] o.s.w.s.h.BeanNameUrlHandlerMapping      : Rejected bean name 'org.springframework.boot.autoconfigure.http.HttpMessageConvertersAutoConfiguration': no URL paths identified
2018-09-28 10:47:33.979 DEBUG 12260 --- [main] o.s.w.s.h.BeanNameUrlHandlerMapping      : Rejected bean name 'messageConverters': no URL paths identified
2018-09-28 10:47:33.980 DEBUG 12260 --- [main] o.s.w.s.h.BeanNameUrlHandlerMapping      : Rejected bean name 'org.springframework.boot.autoconfigure.http.codec.CodecsAutoConfiguration$JacksonCodecConfiguration': no URL paths identified
2018-09-28 10:47:33.980 DEBUG 12260 --- [main] o.s.w.s.h.BeanNameUrlHandlerMapping      : Rejected bean name 'jacksonCodecCustomizer': no URL paths identified
2018-09-28 10:47:33.980 DEBUG 12260 --- [main] o.s.w.s.h.BeanNameUrlHandlerMapping      : Rejected bean name 'org.springframework.boot.autoconfigure.http.codec.CodecsAutoConfiguration': no URL paths identified
2018-09-28 10:47:33.981 DEBUG 12260 --- [main] o.s.w.s.h.BeanNameUrlHandlerMapping      : Rejected bean name 'org.springframework.boot.autoconfigure.info.ProjectInfoAutoConfiguration': no URL paths identified
2018-09-28 10:47:33.982 DEBUG 12260 --- [main] o.s.w.s.h.BeanNameUrlHandlerMapping      : Rejected bean name 'spring.info-org.springframework.boot.autoconfigure.info.ProjectInfoProperties': no URL paths identified
2018-09-28 10:47:33.982 DEBUG 12260 --- [main] o.s.w.s.h.BeanNameUrlHandlerMapping      : Rejected bean name 'org.springframework.boot.autoconfigure.web.client.RestTemplateAutoConfiguration': no URL paths identified
2018-09-28 10:47:33.982 DEBUG 12260 --- [main] o.s.w.s.h.BeanNameUrlHandlerMapping      : Rejected bean name 'restTemplateBuilder': no URL paths identified
2018-09-28 10:47:33.983 DEBUG 12260 --- [main] o.s.w.s.h.BeanNameUrlHandlerMapping      : Rejected bean name 'org.springframework.boot.autoconfigure.web.embedded.EmbeddedWebServerFactoryCustomizerAutoConfiguration$TomcatWebServerFactoryCustomizerConfiguration': no URL paths identified
2018-09-28 10:47:33.983 DEBUG 12260 --- [main] o.s.w.s.h.BeanNameUrlHandlerMapping      : Rejected bean name 'tomcatWebServerFactoryCustomizer': no URL paths identified
2018-09-28 10:47:33.983 DEBUG 12260 --- [main] o.s.w.s.h.BeanNameUrlHandlerMapping      : Rejected bean name 'org.springframework.boot.autoconfigure.web.embedded.EmbeddedWebServerFactoryCustomizerAutoConfiguration': no URL paths identified
2018-09-28 10:47:33.984 DEBUG 12260 --- [main] o.s.w.s.h.BeanNameUrlHandlerMapping      : Rejected bean name 'org.springframework.boot.autoconfigure.web.servlet.HttpEncodingAutoConfiguration': no URL paths identified
2018-09-28 10:47:33.984 DEBUG 12260 --- [main] o.s.w.s.h.BeanNameUrlHandlerMapping      : Rejected bean name 'characterEncodingFilter': no URL paths identified
2018-09-28 10:47:33.984 DEBUG 12260 --- [main] o.s.w.s.h.BeanNameUrlHandlerMapping      : Rejected bean name 'localeCharsetMappingsCustomizer': no URL paths identified
2018-09-28 10:47:33.985 DEBUG 12260 --- [main] o.s.w.s.h.BeanNameUrlHandlerMapping      : Rejected bean name 'org.springframework.boot.autoconfigure.web.servlet.MultipartAutoConfiguration': no URL paths identified
2018-09-28 10:47:33.985 DEBUG 12260 --- [main] o.s.w.s.h.BeanNameUrlHandlerMapping      : Rejected bean name 'multipartConfigElement': no URL paths identified
2018-09-28 10:47:33.985 DEBUG 12260 --- [main] o.s.w.s.h.BeanNameUrlHandlerMapping      : Rejected bean name 'multipartResolver': no URL paths identified
2018-09-28 10:47:33.985 DEBUG 12260 --- [main] o.s.w.s.h.BeanNameUrlHandlerMapping      : Rejected bean name 'spring.servlet.multipart-org.springframework.boot.autoconfigure.web.servlet.MultipartProperties': no URL paths identified
2018-09-28 10:47:33.986 DEBUG 12260 --- [main] o.s.w.s.h.BeanNameUrlHandlerMapping      : Rejected bean name 'autoConfigurationReport': no URL paths identified
2018-09-28 10:47:33.986 DEBUG 12260 --- [main] o.s.w.s.h.BeanNameUrlHandlerMapping      : Rejected bean name 'org.springframework.boot.context.ContextIdApplicationContextInitializer$ContextId': no URL paths identified
2018-09-28 10:47:33.986 DEBUG 12260 --- [main] o.s.w.s.h.BeanNameUrlHandlerMapping      : Rejected bean name 'springApplicationArguments': no URL paths identified
2018-09-28 10:47:33.987 DEBUG 12260 --- [main] o.s.w.s.h.BeanNameUrlHandlerMapping      : Rejected bean name 'springBootBanner': no URL paths identified
2018-09-28 10:47:33.987 DEBUG 12260 --- [main] o.s.w.s.h.BeanNameUrlHandlerMapping      : Rejected bean name 'springBootLoggingSystem': no URL paths identified
2018-09-28 10:47:33.987 DEBUG 12260 --- [main] o.s.w.s.h.BeanNameUrlHandlerMapping      : Rejected bean name 'environment': no URL paths identified
2018-09-28 10:47:33.988 DEBUG 12260 --- [main] o.s.w.s.h.BeanNameUrlHandlerMapping      : Rejected bean name 'systemProperties': no URL paths identified
2018-09-28 10:47:33.989 DEBUG 12260 --- [main] o.s.w.s.h.BeanNameUrlHandlerMapping      : Rejected bean name 'systemEnvironment': no URL paths identified
2018-09-28 10:47:33.989 DEBUG 12260 --- [main] o.s.w.s.h.BeanNameUrlHandlerMapping      : Rejected bean name 'org.springframework.context.annotation.ConfigurationClassPostProcessor.importRegistry': no URL paths identified
2018-09-28 10:47:33.989 DEBUG 12260 --- [main] o.s.w.s.h.BeanNameUrlHandlerMapping      : Rejected bean name 'messageSource': no URL paths identified
2018-09-28 10:47:33.990 DEBUG 12260 --- [main] o.s.w.s.h.BeanNameUrlHandlerMapping      : Rejected bean name 'applicationEventMulticaster': no URL paths identified
2018-09-28 10:47:33.990 DEBUG 12260 --- [main] o.s.w.s.h.BeanNameUrlHandlerMapping      : Rejected bean name 'servletContext': no URL paths identified
2018-09-28 10:47:33.990 DEBUG 12260 --- [main] o.s.w.s.h.BeanNameUrlHandlerMapping      : Rejected bean name 'contextParameters': no URL paths identified
2018-09-28 10:47:33.991 DEBUG 12260 --- [main] o.s.w.s.h.BeanNameUrlHandlerMapping      : Rejected bean name 'contextAttributes': no URL paths identified
2018-09-28 10:47:33.999  INFO 12260 --- [main] o.s.w.s.handler.SimpleUrlHandlerMapping  : Mapped URL path [/webjars/**] onto handler of type [class org.springframework.web.servlet.resource.ResourceHttpRequestHandler]
2018-09-28 10:47:34.008  INFO 12260 --- [main] o.s.w.s.handler.SimpleUrlHandlerMapping  : Mapped URL path [/**] onto handler of type [class org.springframework.web.servlet.resource.ResourceHttpRequestHandler]
2018-09-28 10:47:34.022 DEBUG 12260 --- [main] .m.m.a.ExceptionHandlerExceptionResolver : Looking for exception mappings: org.springframework.boot.web.servlet.context.AnnotationConfigServletWebServerApplicationContext@141f60d9: startup date [Fri Sep 28 10:47:28 BRT 2018]; root of context hierarchy
2018-09-28 10:47:34.209  INFO 12260 --- [main] o.s.j.e.a.AnnotationMBeanExporter        : Registering beans for JMX exposure on startup
2018-09-28 10:47:34.225 DEBUG 12260 --- [main] o.s.w.s.resource.ResourceUrlProvider     : Looking for resource handler mappings
2018-09-28 10:47:34.226 DEBUG 12260 --- [main] o.s.w.s.resource.ResourceUrlProvider     : Found resource handler mapping: URL pattern="/**/favicon.ico", locations=[class path resource [META-INF/resources/], class path resource [resources/], class path resource [static/], class path resource [public/], ServletContext resource [/], class path resource []], resolvers=[org.springframework.web.servlet.resource.PathResourceResolver@3990adf6]
2018-09-28 10:47:34.227 DEBUG 12260 --- [main] o.s.w.s.resource.ResourceUrlProvider     : Found resource handler mapping: URL pattern="/webjars/**", locations=[class path resource [META-INF/resources/webjars/]], resolvers=[org.springframework.web.servlet.resource.PathResourceResolver@5f0495ec]
2018-09-28 10:47:34.227 DEBUG 12260 --- [main] o.s.w.s.resource.ResourceUrlProvider     : Found resource handler mapping: URL pattern="/**", locations=[class path resource [META-INF/resources/], class path resource [resources/], class path resource [static/], class path resource [public/], ServletContext resource [/]], resolvers=[org.springframework.web.servlet.resource.PathResourceResolver@25a2dd14]
2018-09-28 10:47:34.424  INFO 12260 --- [main] o.s.b.w.embedded.tomcat.TomcatWebServer  : Tomcat started on port(s): 8443 (http) with context path ''
2018-09-28 10:47:34.425 DEBUG 12260 --- [main] o.s.w.c.s.StandardServletEnvironment     : Adding PropertySource 'server.ports' with highest search precedence
2018-09-28 10:47:34.429  INFO 12260 --- [main] com.example.demo.DemoApplication         : Started DemoApplication in 6.976 seconds (JVM running for 39.025)
2018-09-28 11:01:10.991 DEBUG 12260 --- [http-nio-8443-exec-1] o.s.web.servlet.DispatcherServlet        : Initializing servlet 'dispatcherServlet'
2018-09-28 11:01:10.992  INFO 12260 --- [http-nio-8443-exec-1] o.a.c.c.C.[Tomcat].[localhost].[/]       : Initializing Spring FrameworkServlet 'dispatcherServlet'
2018-09-28 11:01:10.993  INFO 12260 --- [http-nio-8443-exec-1] o.s.web.servlet.DispatcherServlet        : FrameworkServlet 'dispatcherServlet': initialization started
2018-09-28 11:01:10.994 DEBUG 12260 --- [http-nio-8443-exec-1] o.s.web.servlet.DispatcherServlet        : Using MultipartResolver [org.springframework.web.multipart.support.StandardServletMultipartResolver@155f8c11]
2018-09-28 11:01:10.998 DEBUG 12260 --- [http-nio-8443-exec-1] o.s.web.servlet.DispatcherServlet        : Unable to locate LocaleResolver with name 'localeResolver': using default [org.springframework.web.servlet.i18n.AcceptHeaderLocaleResolver@4757679c]
2018-09-28 11:01:11.004 DEBUG 12260 --- [http-nio-8443-exec-1] o.s.web.servlet.DispatcherServlet        : Unable to locate ThemeResolver with name 'themeResolver': using default [org.springframework.web.servlet.theme.FixedThemeResolver@39e1b80d]
2018-09-28 11:01:11.010 DEBUG 12260 --- [http-nio-8443-exec-1] o.s.web.servlet.DispatcherServlet        : Unable to locate RequestToViewNameTranslator with name 'viewNameTranslator': using default [org.springframework.web.servlet.view.DefaultRequestToViewNameTranslator@7e895791]
2018-09-28 11:01:11.017 DEBUG 12260 --- [http-nio-8443-exec-1] o.s.web.servlet.DispatcherServlet        : Unable to locate FlashMapManager with name 'flashMapManager': using default [org.springframework.web.servlet.support.SessionFlashMapManager@32ed2af2]
2018-09-28 11:01:11.018 DEBUG 12260 --- [http-nio-8443-exec-1] o.s.web.servlet.DispatcherServlet        : Published WebApplicationContext of servlet 'dispatcherServlet' as ServletContext attribute with name [org.springframework.web.servlet.FrameworkServlet.CONTEXT.dispatcherServlet]
2018-09-28 11:01:11.018  INFO 12260 --- [http-nio-8443-exec-1] o.s.web.servlet.DispatcherServlet        : FrameworkServlet 'dispatcherServlet': initialization completed in 24 ms
2018-09-28 11:01:11.019 DEBUG 12260 --- [http-nio-8443-exec-1] o.s.web.servlet.DispatcherServlet        : Servlet 'dispatcherServlet' configured successfully
2018-09-28 11:01:11.205 DEBUG 12260 --- [http-nio-8443-exec-1] o.s.web.servlet.DispatcherServlet        : DispatcherServlet with name 'dispatcherServlet' processing GET request for [/inicio]
2018-09-28 11:01:11.208 DEBUG 12260 --- [http-nio-8443-exec-1] s.w.s.m.m.a.RequestMappingHandlerMapping : Looking up handler method for path /inicio
2018-09-28 11:01:11.210 DEBUG 12260 --- [http-nio-8443-exec-1] s.w.s.m.m.a.RequestMappingHandlerMapping : Returning handler method [public java.lang.String com.example.demo.controller.UsuarioController.CriaInicioChamada()]
2018-09-28 11:01:11.211 DEBUG 12260 --- [http-nio-8443-exec-1] o.s.web.servlet.DispatcherServlet        : Last-Modified value for [/inicio] is: -1
2018-09-28 11:01:11.221  INFO 12260 --- [http-nio-8443-exec-1] c.e.demo.controller.UsuarioController    : INICIO CHAMADA
2018-09-28 11:01:11.739 DEBUG 12260 --- [http-nio-8443-exec-1] m.m.a.RequestResponseBodyMethodProcessor : Written [INICIO CHAMADA] as "text/html" using [org.springframework.http.converter.StringHttpMessageConverter@233a79c9]
2018-09-28 11:01:11.741 DEBUG 12260 --- [http-nio-8443-exec-1] o.s.web.servlet.DispatcherServlet        : Null ModelAndView returned to DispatcherServlet with name 'dispatcherServlet': assuming HandlerAdapter completed request handling
2018-09-28 11:01:11.741 DEBUG 12260 --- [http-nio-8443-exec-1] o.s.web.servlet.DispatcherServlet        : Successfully completed request
2018-09-28 11:01:12.257 DEBUG 12260 --- [http-nio-8443-exec-3] o.s.web.servlet.DispatcherServlet        : DispatcherServlet with name 'dispatcherServlet' processing GET request for [/inicio]
2018-09-28 11:01:12.258 DEBUG 12260 --- [http-nio-8443-exec-3] s.w.s.m.m.a.RequestMappingHandlerMapping : Looking up handler method for path /inicio
2018-09-28 11:01:12.259 DEBUG 12260 --- [http-nio-8443-exec-3] s.w.s.m.m.a.RequestMappingHandlerMapping : Returning handler method [public java.lang.String com.example.demo.controller.UsuarioController.CriaInicioChamada()]
2018-09-28 11:01:12.259 DEBUG 12260 --- [http-nio-8443-exec-3] o.s.web.servlet.DispatcherServlet        : Last-Modified value for [/inicio] is: -1
2018-09-28 11:01:12.259  INFO 12260 --- [http-nio-8443-exec-3] c.e.demo.controller.UsuarioController    : INICIO CHAMADA
2018-09-28 11:01:12.262 DEBUG 12260 --- [http-nio-8443-exec-3] m.m.a.RequestResponseBodyMethodProcessor : Written [INICIO CHAMADA] as "text/html" using [org.springframework.http.converter.StringHttpMessageConverter@233a79c9]
2018-09-28 11:01:12.263 DEBUG 12260 --- [http-nio-8443-exec-3] o.s.web.servlet.DispatcherServlet        : Null ModelAndView returned to DispatcherServlet with name 'dispatcherServlet': assuming HandlerAdapter completed request handling
2018-09-28 11:01:12.263 DEBUG 12260 --- [http-nio-8443-exec-3] o.s.web.servlet.DispatcherServlet        : Successfully completed request
2018-09-28 11:01:13.240 DEBUG 12260 --- [http-nio-8443-exec-2] o.s.web.servlet.DispatcherServlet        : DispatcherServlet with name 'dispatcherServlet' processing GET request for [/inicio]
2018-09-28 11:01:13.241 DEBUG 12260 --- [http-nio-8443-exec-2] s.w.s.m.m.a.RequestMappingHandlerMapping : Looking up handler method for path /inicio
2018-09-28 11:01:13.242 DEBUG 12260 --- [http-nio-8443-exec-2] s.w.s.m.m.a.RequestMappingHandlerMapping : Returning handler method [public java.lang.String com.example.demo.controller.UsuarioController.CriaInicioChamada()]
2018-09-28 11:01:13.243 DEBUG 12260 --- [http-nio-8443-exec-2] o.s.web.servlet.DispatcherServlet        : Last-Modified value for [/inicio] is: -1
2018-09-28 11:01:13.243  INFO 12260 --- [http-nio-8443-exec-2] c.e.demo.controller.UsuarioController    : INICIO CHAMADA
2018-09-28 11:01:13.245 DEBUG 12260 --- [http-nio-8443-exec-2] m.m.a.RequestResponseBodyMethodProcessor : Written [INICIO CHAMADA] as "text/html" using [org.springframework.http.converter.StringHttpMessageConverter@233a79c9]
2018-09-28 11:01:13.246 DEBUG 12260 --- [http-nio-8443-exec-2] o.s.web.servlet.DispatcherServlet        : Null ModelAndView returned to DispatcherServlet with name 'dispatcherServlet': assuming HandlerAdapter completed request handling
2018-09-28 11:01:13.247 DEBUG 12260 --- [http-nio-8443-exec-2] o.s.web.servlet.DispatcherServlet        : Successfully completed request
2018-09-28 11:01:14.762 DEBUG 12260 --- [http-nio-8443-exec-4] o.s.web.servlet.DispatcherServlet        : DispatcherServlet with name 'dispatcherServlet' processing GET request for [/inicio]
2018-09-28 11:01:14.763 DEBUG 12260 --- [http-nio-8443-exec-4] s.w.s.m.m.a.RequestMappingHandlerMapping : Looking up handler method for path /inicio
2018-09-28 11:01:14.763 DEBUG 12260 --- [http-nio-8443-exec-4] s.w.s.m.m.a.RequestMappingHandlerMapping : Returning handler method [public java.lang.String com.example.demo.controller.UsuarioController.CriaInicioChamada()]
2018-09-28 11:01:14.765 DEBUG 12260 --- [http-nio-8443-exec-4] o.s.web.servlet.DispatcherServlet        : Last-Modified value for [/inicio] is: -1
2018-09-28 11:01:14.766  INFO 12260 --- [http-nio-8443-exec-4] c.e.demo.controller.UsuarioController    : INICIO CHAMADA
2018-09-28 11:01:14.772 DEBUG 12260 --- [http-nio-8443-exec-4] m.m.a.RequestResponseBodyMethodProcessor : Written [INICIO CHAMADA] as "text/html" using [org.springframework.http.converter.StringHttpMessageConverter@233a79c9]
2018-09-28 11:01:14.773 DEBUG 12260 --- [http-nio-8443-exec-4] o.s.web.servlet.DispatcherServlet        : Null ModelAndView returned to DispatcherServlet with name 'dispatcherServlet': assuming HandlerAdapter completed request handling
2018-09-28 11:01:14.773 DEBUG 12260 --- [http-nio-8443-exec-4] o.s.web.servlet.DispatcherServlet        : Successfully completed request
2018-09-28 11:01:15.421 DEBUG 12260 --- [http-nio-8443-exec-5] o.s.web.servlet.DispatcherServlet        : DispatcherServlet with name 'dispatcherServlet' processing GET request for [/inicio]
2018-09-28 11:01:15.422 DEBUG 12260 --- [http-nio-8443-exec-5] s.w.s.m.m.a.RequestMappingHandlerMapping : Looking up handler method for path /inicio
2018-09-28 11:01:15.423 DEBUG 12260 --- [http-nio-8443-exec-5] s.w.s.m.m.a.RequestMappingHandlerMapping : Returning handler method [public java.lang.String com.example.demo.controller.UsuarioController.CriaInicioChamada()]
2018-09-28 11:01:15.423 DEBUG 12260 --- [http-nio-8443-exec-5] o.s.web.servlet.DispatcherServlet        : Last-Modified value for [/inicio] is: -1
2018-09-28 11:01:15.424  INFO 12260 --- [http-nio-8443-exec-5] c.e.demo.controller.UsuarioController    : INICIO CHAMADA
2018-09-28 11:01:15.431 DEBUG 12260 --- [http-nio-8443-exec-5] m.m.a.RequestResponseBodyMethodProcessor : Written [INICIO CHAMADA] as "text/html" using [org.springframework.http.converter.StringHttpMessageConverter@233a79c9]
2018-09-28 11:01:15.431 DEBUG 12260 --- [http-nio-8443-exec-5] o.s.web.servlet.DispatcherServlet        : Null ModelAndView returned to DispatcherServlet with name 'dispatcherServlet': assuming HandlerAdapter completed request handling
2018-09-28 11:01:15.432 DEBUG 12260 --- [http-nio-8443-exec-5] o.s.web.servlet.DispatcherServlet        : Successfully completed request
